\BOOKMARK [1][-]{section*.2}{\376\377\000R\000e\000c\000o\000m\000m\000e\000n\000d\000e\000d\000\040\000l\000i\000t\000e\000r\000a\000t\000u\000r\000e}{}% 1
\BOOKMARK [1][-]{section.1}{\376\377\000S\000e\000c\000o\000n\000d\000a\000r\000y\000\040\000q\000u\000a\000n\000t\000i\000z\000a\000t\000i\000o\000n}{}% 2
\BOOKMARK [2][-]{subsection.1.1}{\376\377\000I\000n\000t\000r\000o\000d\000u\000c\000t\000i\000o\000n}{section.1}% 3
\BOOKMARK [2][-]{subsection.1.2}{\376\377\000S\000y\000s\000t\000e\000m\000\040\000f\000o\000r\000\040\000A}{section.1}% 4
\BOOKMARK [2][-]{subsection.1.3}{\376\377\000F\000o\000r\000m\000u\000l\000a\000t\000i\000o\000n\000\040\000o\000f\000\040\000t\000h\000e\000\040\000p\000r\000o\000b\000l\000e\000m}{section.1}% 5
\BOOKMARK [2][-]{subsection.1.4}{\376\377\000F\000i\000e\000l\000d\000\040\000q\000u\000a\000n\000t\000i\000z\000a\000t\000i\000o\000n}{section.1}% 6
\BOOKMARK [2][-]{subsection.1.5}{\376\377\000L\000a\000d\000d\000e\000r\000\040\000o\000p\000e\000r\000a\000t\000o\000r\000s\000.\000\040\000F\000o\000c\000k\000\040\000s\000t\000a\000t\000e\000.\000\040\000S\000e\000c\000o\000n\000d\000\040\000q\000u\000a\000n\000t\000i\000z\000a\000t\000i\000o\000n}{section.1}% 7
\BOOKMARK [3][-]{testexample.1}{\376\377\000H\000o\000m\000e\000w\000o\000r\000k}{subsection.1.5}% 8
\BOOKMARK [2][-]{subsection.1.6}{\376\377\000F\000i\000e\000l\000d\000s\000'\000\040\000f\000l\000u\000c\000t\000u\000a\000t\000i\000o\000n}{section.1}% 9
\BOOKMARK [3][-]{testexample.2}{\376\377\000H\000o\000m\000e\000w\000o\000r\000k}{subsection.1.6}% 10
\BOOKMARK [2][-]{subsection.1.7}{\376\377\000C\000a\000s\000i\000m\000i\000r\000\040\000e\000f\000f\000e\000c\000t\000\040\000\050\000N\000O\000T\000\040\000S\000T\000A\000R\000T\000E\000D\000\051}{section.1}% 11
\BOOKMARK [1][-]{section.2}{\376\377\000C\000o\000h\000e\000r\000e\000n\000t\000\040\000s\000t\000a\000t\000e\000s}{}% 12
\BOOKMARK [2][-]{subsection.2.1}{\376\377\000E\000i\000g\000e\000n\000f\000u\000n\000c\000t\000i\000o\000n}{section.2}% 13
\BOOKMARK [3][-]{testexample.4}{\376\377\000H\000o\000m\000e\000w\000o\000r\000k}{subsection.2.1}% 14
\BOOKMARK [2][-]{subsection.2.2}{\376\377\000O\000r\000t\000h\000o\000g\000o\000n\000a\000l\000i\000t\000y}{section.2}% 15
\BOOKMARK [3][-]{testexample.7}{\376\377\000H\000o\000m\000e\000w\000o\000r\000k}{subsection.2.2}% 16
\BOOKMARK [2][-]{subsection.2.3}{\376\377\000F\000l\000u\000c\000t\000u\000a\000t\000i\000o\000n\000s}{section.2}% 17
\BOOKMARK [3][-]{testexample.8}{\376\377\000H\000o\000m\000e\000w\000o\000r\000k}{subsection.2.3}% 18
\BOOKMARK [2][-]{subsection.2.4}{\376\377\000S\000q\000u\000e\000e\000z\000e\000d\000\040\000s\000t\000a\000t\000e\000s\000\040\000o\000r\000\040\000g\000e\000t\000t\000i\000n\000g\000\040\000t\000h\000e\000\040\000m\000a\000x\000i\000m\000u\000m\000\040\000a\000c\000c\000u\000r\000a\000c\000y\000!}{section.2}% 19
\BOOKMARK [3][-]{testexample.9}{\376\377\000H\000o\000m\000e\000w\000o\000r\000k}{subsection.2.4}% 20
\BOOKMARK [1][-]{section.3}{\376\377\000T\000h\000e\000\040\000c\000o\000h\000e\000r\000e\000n\000c\000e\000\040\000o\000f\000\040\000l\000i\000g\000h\000t}{}% 21
\BOOKMARK [2][-]{subsection.3.1}{\376\377\000B\000u\000n\000c\000h\000i\000n\000g\000\040\000a\000n\000d\000\040\000a\000n\000t\000i\000b\000u\000n\000c\000h\000i\000n\000g\000\040\000o\000f\000\040\000p\000h\000o\000t\000o\000n\000s}{section.3}% 22
\BOOKMARK [3][-]{testexample.10}{\376\377\000H\000o\000m\000e\000w\000o\000r\000k}{subsection.3.1}% 23
\BOOKMARK [2][-]{subsection.3.2}{\376\377\000Q\000u\000a\000n\000t\000u\000m\000\040\000t\000h\000e\000o\000r\000y\000\040\000o\000f\000\040\000p\000h\000o\000t\000o\000d\000e\000t\000e\000c\000t\000i\000o\000n}{section.3}% 24
\BOOKMARK [1][-]{section.4}{\376\377\000A\000t\000o\000m\000-\000f\000i\000e\000l\000d\000\040\000i\000n\000t\000e\000r\000a\000c\000t\000i\000o\000n\000.\000\040\000S\000e\000m\000i\000c\000l\000a\000s\000s\000i\000c\000a\000l\000\040\000t\000h\000e\000o\000r\000y}{}% 25
\BOOKMARK [2][-]{testexample.13}{\376\377\000H\000o\000m\000e\000w\000o\000r\000k}{section.4}% 26
\BOOKMARK [1][-]{section.5}{\376\377\000D\000e\000n\000s\000i\000t\000y\000\040\000m\000a\000t\000r\000i\000x\000\040\000o\000f\000\040\000t\000w\000o\000\040\000e\000n\000e\000r\000g\000y\000\040\000l\000e\000v\000e\000l\000\040\000s\000y\000s\000t\000e\000m}{}% 27
\BOOKMARK [2][-]{subsection.5.1}{\376\377\000D\000e\000n\000s\000i\000t\000y\000\040\000m\000a\000t\000r\000i\000x\000\040\000o\000f\000\040\000m\000i\000x\000e\000d\000\040\000s\000t\000a\000t\000e}{section.5}% 28
\BOOKMARK [2][-]{subsection.5.2}{\376\377\000S\000u\000b\000s\000y\000s\000t\000e\000m\000\040\000d\000e\000n\000s\000i\000t\000y\000\040\000m\000a\000t\000r\000i\000x}{section.5}% 29
\BOOKMARK [3][-]{testexample.15}{\376\377\000H\000o\000m\000e\000w\000o\000r\000k}{subsection.5.2}% 30
\BOOKMARK [2][-]{subsection.5.3}{\376\377\000D\000e\000n\000s\000i\000t\000y\000\040\000m\000a\000t\000r\000i\000x\000\040\000f\000o\000r\000\040\000t\000w\000o\000-\000l\000e\000v\000e\000l\000\040\000s\000y\000s\000t\000e\000m}{section.5}% 31
\BOOKMARK [3][-]{testexample.16}{\376\377\000H\000o\000m\000e\000w\000o\000r\000k}{subsection.5.3}% 32
\BOOKMARK [2][-]{subsection.5.4}{\376\377\000B\000l\000o\000c\000h\000\040\000s\000p\000h\000e\000r\000e}{section.5}% 33
\BOOKMARK [3][-]{testexample.18}{\376\377\000H\000o\000m\000e\000w\000o\000r\000k}{subsection.5.4}% 34
\BOOKMARK [1][-]{section.6}{\376\377\000A\000t\000o\000m\040\023\000f\000i\000e\000l\000d\000\040\000i\000n\000t\000e\000r\000a\000c\000t\000i\000o\000n\000.\000\040\000Q\000u\000a\000n\000t\000u\000m\000\040\000a\000p\000p\000r\000o\000a\000c\000h}{}% 35
\BOOKMARK [2][-]{subsection.6.1}{\376\377\000J\000a\000y\000n\000e\000s\040\023\000C\000u\000m\000m\000i\000n\000g\000s\000\040\000m\000o\000d\000e\000l\000\040\000\050\000R\000W\000A\000\051}{section.6}% 36
\BOOKMARK [3][-]{testexample.20}{\376\377\000H\000o\000m\000e\000w\000o\000r\000k}{subsection.6.1}% 37
\BOOKMARK [2][-]{subsection.6.2}{\376\377\000C\000o\000l\000l\000a\000p\000s\000e\000\040\000a\000n\000d\000\040\000r\000e\000v\000i\000v\000a\000l}{section.6}% 38
\BOOKMARK [2][-]{subsection.6.3}{\376\377\000E\000n\000e\000r\000g\000y\000\040\000s\000p\000e\000c\000t\000r\000u\000m\000.\000\040\000D\000i\000s\000p\000e\000r\000s\000i\000o\000n\000\040\000r\000e\000l\000a\000t\000i\000o\000n}{section.6}% 39
\BOOKMARK [1][-]{section.7}{\376\377\000S\000p\000o\000n\000t\000a\000n\000e\000o\000u\000s\000\040\000r\000e\000l\000a\000x\000a\000t\000i\000o\000n\000.\000\040\000W\000e\000i\000s\000s\000k\000o\000p\000f\000-\000W\000i\000g\000n\000e\000r\000\040\000t\000h\000e\000o\000r\000y}{}% 40
\BOOKMARK [1][-]{section.8}{\376\377\000D\000i\000p\000o\000l\000e\000\040\000r\000a\000d\000i\000a\000t\000i\000o\000n\000.\000\040\000D\000y\000a\000d\000i\000c\000\040\000G\000r\000e\000e\000n\000'\000s\000\040\000f\000u\000n\000c\000t\000i\000o\000n\000.\000\040\000T\000h\000e\000\040\000P\000u\000r\000c\000e\000l\000l\000\040\000e\000f\000f\000e\000c\000t\000:\000\040\000c\000l\000a\000s\000s\000i\000c\000a\000l\000\040\000a\000p\000p\000r\000o\000a\000c\000h}{}% 41
\BOOKMARK [2][-]{subsection.8.1}{\376\377\000D\000i\000p\000o\000l\000e\000\040\000r\000a\000d\000i\000a\000t\000i\000o\000n\000\040\000a\000n\000d\000\040\000d\000y\000a\000d\000i\000c\000\040\000G\000r\000e\000e\000n\000'\000s\000\040\000f\000u\000n\000c\000t\000i\000o\000n}{section.8}% 42
\BOOKMARK [3][-]{subsubsection.8.1.1}{\376\377\000G\000r\000e\000e\000n\000'\000s\000\040\000f\000u\000n\000c\000t\000i\000o\000n\000.\000\040\000G\000e\000n\000e\000r\000a\000l\000\040\000i\000n\000f\000o\000r\000m\000a\000t\000i\000o\000n}{subsection.8.1}% 43
\BOOKMARK [3][-]{subsubsection.8.1.2}{\376\377\000D\000e\000r\000i\000v\000a\000t\000i\000o\000n\000\040\000o\000f\000\040\000t\000h\000e\000\040\000G\000r\000e\000e\000n\000'\000s\000\040\000f\000u\000n\000c\000t\000i\000o\000n\000\040\000f\000o\000r\000\040\000M\000a\000x\000w\000e\000l\000l\000\040\000e\000q\000u\000a\000t\000i\000o\000n\000s}{subsection.8.1}% 44
\BOOKMARK [3][-]{testexample.23}{\376\377\000H\000o\000m\000e\000w\000o\000r\000k}{subsection.8.1}% 45
\BOOKMARK [3][-]{subsubsection.8.1.3}{\376\377\000N\000e\000a\000r\000-\000,\000\040\000i\000n\000t\000e\000r\000m\000e\000d\000i\000a\000t\000e\000-\000\040\000a\000n\000d\000\040\000f\000a\000r\000-\000f\000i\000e\000l\000d\000\040\000p\000a\000r\000t\000s\000\040\000o\000f\000\040\000G\000r\000e\000e\000n\000'\000s\000\040\000f\000u\000n\000c\000t\000i\000o\000n}{subsection.8.1}% 46
\BOOKMARK [2][-]{subsection.8.2}{\376\377\000S\000p\000o\000n\000t\000a\000n\000e\000o\000u\000s\000\040\000r\000e\000l\000a\000x\000a\000t\000i\000o\000n\000\040\000a\000n\000d\000\040\000l\000o\000c\000a\000l\000\040\000d\000e\000n\000s\000i\000t\000y\000-\000o\000f\000-\000s\000t\000a\000t\000e\000\040\000\050\000I\000N\000\040\000A\000\040\000M\000I\000X\000E\000D\000\040\000U\000N\000I\000T\000S\000\051}{section.8}% 47
\BOOKMARK [3][-]{subsubsection.8.2.1}{\376\377\000A\000n\000\040\000e\000x\000p\000r\000e\000s\000s\000i\000o\000n\000\040\000f\000o\000r\000\040\000s\000p\000o\000n\000t\000a\000n\000e\000o\000u\000s\000\040\000d\000e\000c\000a\000y}{subsection.8.2}% 48
\BOOKMARK [3][-]{subsubsection.8.2.2}{\376\377\000S\000p\000o\000n\000t\000a\000n\000e\000o\000u\000s\000\040\000d\000e\000c\000a\000y\000\040\000a\000n\000d\000\040\000G\000r\000e\000e\000n\000'\000s\000\040\000d\000y\000a\000d\000i\000c\000s}{subsection.8.2}% 49
\BOOKMARK [2][-]{subsection.8.3}{\376\377\000T\000h\000e\000\040\000P\000u\000r\000c\000e\000l\000l\000\040\000f\000a\000c\000t\000o\000r}{section.8}% 50
\BOOKMARK [1][-]{section.9}{\376\377\000T\000h\000e\000o\000r\000y\000\040\000o\000f\000\040\000r\000e\000l\000a\000x\000a\000t\000i\000o\000n\000\040\000o\000f\000\040\000e\000l\000e\000c\000t\000r\000o\000m\000a\000g\000n\000e\000t\000i\000c\000\040\000f\000i\000l\000e\000d\000.\000\040\000H\000e\000i\000s\000e\000n\000b\000e\000r\000g\040\023\000L\000a\000n\000g\000e\000v\000i\000n\000\040\000m\000e\000t\000h\000o\000d}{}% 51
\BOOKMARK [2][-]{subsection.9.1}{\376\377\000I\000n\000\040\000p\000r\000e\000v\000i\000o\000u\000s\000\040\000s\000e\000r\000i\000e\000s}{section.9}% 52
\BOOKMARK [2][-]{subsection.9.2}{\376\377\000t\000h\000e\000\040\000H\000e\000i\000s\000e\000n\000b\000e\000r\000g\040\023\000L\000a\000n\000g\000e\000v\000i\000n\000\040\000e\000q\000u\000a\000t\000i\000o\000n}{section.9}% 53
\BOOKMARK [3][-]{testexample.25}{\376\377\000H\000o\000m\000e\000w\000o\000r\000k}{subsection.9.2}% 54
\BOOKMARK [2][-]{subsection.9.3}{\376\377\000P\000r\000o\000p\000e\000r\000t\000i\000e\000s\000\040\000o\000f\000\040\000t\000h\000e\000\040\000s\000t\000o\000c\000h\000a\000s\000t\000i\000c\000\040\000o\000p\000e\000r\000a\000t\000o\000r}{section.9}% 55
\BOOKMARK [2][-]{subsection.9.4}{\376\377\000E\000q\000u\000a\000t\000i\000o\000n\000\040\000o\000f\000\040\000m\000o\000t\000i\000o\000n\000\040\000f\000o\000r\000\040\000t\000h\000e\000\040\000f\000i\000e\000l\000d\000\040\000c\000o\000r\000r\000e\000l\000a\000t\000i\000o\000n\000\040\000f\000u\000n\000c\000t\000i\000o\000n\000s\000.\000\040\000W\000i\000e\000n\000e\000r\040\023\000K\000h\000i\000n\000t\000c\000h\000i\000n\000e\000\040\000t\000h\000e\000o\000r\000e\000m}{section.9}% 56
\BOOKMARK [1][-]{section.10}{\376\377\000A\000t\000o\000m\000\040\000i\000n\000\040\000a\000\040\000d\000a\000m\000p\000e\000d\000\040\000c\000a\000v\000i\000t\000y}{}% 57
\BOOKMARK [2][-]{subsection.10.1}{\376\377\000T\000h\000e\000\040\000P\000u\000r\000c\000e\000l\000l\000\040\000f\000a\000c\000t\000o\000r\000\040\000f\000o\000r\000\040\000a\000\040\000c\000l\000o\000s\000e\000d\000\040\000c\000a\000v\000i\000t\000y}{section.10}% 58
\BOOKMARK [2][-]{subsection.10.2}{\376\377\000R\000i\000g\000o\000r\000o\000u\000s\000\040\000d\000e\000r\000i\000v\000a\000t\000i\000o\000n\000\040\000o\000f\000\040\000t\000h\000e\000\040\000a\000t\000o\000m\000i\000c\000\040\000d\000e\000c\000a\000y}{section.10}% 59
